c:\users\val_r\documents\visual studio 2017\projects\jeucpp-new2905photon\bibliotheque\debug\bibliotheque.pdb
c:\users\val_r\documents\visual studio 2017\projects\jeucpp-new2905photon\bibliotheque\debug\bibliotheque.idb
c:\users\val_r\documents\visual studio 2017\projects\jeucpp-new2905photon\bibliotheque\debug\pugixml.obj
c:\users\val_r\documents\visual studio 2017\projects\jeucpp-new2905photon\bibliotheque\debug\console.obj
c:\users\val_r\documents\visual studio 2017\projects\jeucpp-new2905photon\bibliotheque\debug\element.obj
c:\users\val_r\documents\visual studio 2017\projects\jeucpp-new2905photon\bibliotheque\debug\monlistener.obj
c:\users\val_r\documents\visual studio 2017\projects\jeucpp-new2905photon\bibliotheque\debug\monmain.obj
c:\users\val_r\documents\visual studio 2017\projects\jeucpp-new2905photon\bibliotheque\debug\networklogic.obj
c:\users\val_r\documents\visual studio 2017\projects\jeucpp-new2905photon\bibliotheque\debug\noisette.obj
c:\users\val_r\documents\visual studio 2017\projects\jeucpp-new2905photon\bibliotheque\debug\nuage.obj
c:\users\val_r\documents\visual studio 2017\projects\jeucpp-new2905photon\bibliotheque\debug\personnage.obj
c:\users\val_r\documents\visual studio 2017\projects\jeucpp-new2905photon\bibliotheque\debug\plateau.obj
c:\users\val_r\documents\visual studio 2017\projects\jeucpp-new2905photon\bibliotheque\debug\samplenetworklogic.obj
c:\users\val_r\documents\visual studio 2017\projects\jeucpp-new2905photon\bibliotheque\debug\stdui.obj
c:\users\val_r\documents\visual studio 2017\projects\jeucpp-new2905photon\debug\bibliotheque.lib
c:\users\val_r\documents\visual studio 2017\projects\jeucpp-new2905photon\debug\bibliotheque.pdb
c:\users\val_r\documents\visual studio 2017\projects\jeucpp-new2905photon\bibliotheque\debug\bibliotheque.tlog\cl.command.1.tlog
c:\users\val_r\documents\visual studio 2017\projects\jeucpp-new2905photon\bibliotheque\debug\bibliotheque.tlog\cl.read.1.tlog
c:\users\val_r\documents\visual studio 2017\projects\jeucpp-new2905photon\bibliotheque\debug\bibliotheque.tlog\cl.write.1.tlog
c:\users\val_r\documents\visual studio 2017\projects\jeucpp-new2905photon\bibliotheque\debug\bibliotheque.tlog\lib-link.read.1.tlog
c:\users\val_r\documents\visual studio 2017\projects\jeucpp-new2905photon\bibliotheque\debug\bibliotheque.tlog\lib-link.write.1.tlog
c:\users\val_r\documents\visual studio 2017\projects\jeucpp-new2905photon\bibliotheque\debug\bibliotheque.tlog\lib.command.1.tlog
