c:\users\val_r\onedrive\documents\visual studio 2017\projects\jeucpp-new2905photon\jeuversion0\debug\vc141.pdb
c:\users\val_r\onedrive\documents\visual studio 2017\projects\jeucpp-new2905photon\jeuversion0\debug\vc141.idb
c:\users\val_r\onedrive\documents\visual studio 2017\projects\jeucpp-new2905photon\jeuversion0\debug\jeu.obj
c:\users\val_r\documents\visual studio 2017\projects\jeucpp-new2905photon\jeuversion0\debug\vc141.pdb
c:\users\val_r\documents\visual studio 2017\projects\jeucpp-new2905photon\jeuversion0\debug\vc141.idb
c:\users\val_r\documents\visual studio 2017\projects\jeucpp-new2905photon\jeuversion0\debug\jeu.obj
c:\users\val_r\onedrive\documents\visual studio 2017\projects\jeucpp-new2905photon\debug\jeuversion0.ilk
c:\users\val_r\onedrive\documents\visual studio 2017\projects\jeucpp-new2905photon\debug\jeuversion0.exe
c:\users\val_r\onedrive\documents\visual studio 2017\projects\jeucpp-new2905photon\debug\jeuversion0.pdb
c:\users\val_r\documents\visual studio 2017\projects\jeucpp-new2905photon\debug\jeuversion0.ilk
c:\users\val_r\documents\visual studio 2017\projects\jeucpp-new2905photon\debug\jeuversion0.exe
c:\users\val_r\documents\visual studio 2017\projects\jeucpp-new2905photon\debug\jeuversion0.pdb
c:\users\val_r\documents\visual studio 2017\projects\jeucpp-new2905photon\jeuversion0\debug\element.obj
c:\users\val_r\documents\visual studio 2017\projects\jeucpp-new2905photon\jeuversion0\debug\noisette.obj
c:\users\val_r\documents\visual studio 2017\projects\jeucpp-new2905photon\jeuversion0\debug\nuage.obj
c:\users\val_r\documents\visual studio 2017\projects\jeucpp-new2905photon\jeuversion0\debug\personnage.obj
c:\users\val_r\documents\visual studio 2017\projects\jeucpp-new2905photon\jeuversion0\debug\plateau.obj
c:\users\val_r\documents\visual studio 2017\projects\jeucpp-new2905photon\jeuversion0\debug\jeuversion0.tlog\cl.command.1.tlog
c:\users\val_r\documents\visual studio 2017\projects\jeucpp-new2905photon\jeuversion0\debug\jeuversion0.tlog\cl.read.1.tlog
c:\users\val_r\documents\visual studio 2017\projects\jeucpp-new2905photon\jeuversion0\debug\jeuversion0.tlog\cl.write.1.tlog
c:\users\val_r\documents\visual studio 2017\projects\jeucpp-new2905photon\jeuversion0\debug\jeuversion0.tlog\link-vctip.delete.10.tlog
c:\users\val_r\documents\visual studio 2017\projects\jeucpp-new2905photon\jeuversion0\debug\jeuversion0.tlog\link-vctip.delete.111.tlog
c:\users\val_r\documents\visual studio 2017\projects\jeucpp-new2905photon\jeuversion0\debug\jeuversion0.tlog\link-vctip.delete.144.tlog
c:\users\val_r\documents\visual studio 2017\projects\jeucpp-new2905photon\jeuversion0\debug\jeuversion0.tlog\link-vctip.delete.188.tlog
c:\users\val_r\documents\visual studio 2017\projects\jeucpp-new2905photon\jeuversion0\debug\jeuversion0.tlog\link-vctip.delete.24.tlog
c:\users\val_r\documents\visual studio 2017\projects\jeucpp-new2905photon\jeuversion0\debug\jeuversion0.tlog\link-vctip.delete.25.tlog
c:\users\val_r\documents\visual studio 2017\projects\jeucpp-new2905photon\jeuversion0\debug\jeuversion0.tlog\link-vctip.delete.26.tlog
c:\users\val_r\documents\visual studio 2017\projects\jeucpp-new2905photon\jeuversion0\debug\jeuversion0.tlog\link-vctip.delete.30.tlog
c:\users\val_r\documents\visual studio 2017\projects\jeucpp-new2905photon\jeuversion0\debug\jeuversion0.tlog\link-vctip.delete.32.tlog
c:\users\val_r\documents\visual studio 2017\projects\jeucpp-new2905photon\jeuversion0\debug\jeuversion0.tlog\link-vctip.delete.7.tlog
c:\users\val_r\documents\visual studio 2017\projects\jeucpp-new2905photon\jeuversion0\debug\jeuversion0.tlog\link-vctip.delete.75.tlog
c:\users\val_r\documents\visual studio 2017\projects\jeucpp-new2905photon\jeuversion0\debug\jeuversion0.tlog\link.command.1.tlog
c:\users\val_r\documents\visual studio 2017\projects\jeucpp-new2905photon\jeuversion0\debug\jeuversion0.tlog\link.read.1.tlog
c:\users\val_r\documents\visual studio 2017\projects\jeucpp-new2905photon\jeuversion0\debug\jeuversion0.tlog\link.write.1.tlog
